<?xml version="1.0" encoding="UTF-8"?>
<!-- Generated by org.testng.reporters.JUnitXMLReporter -->
<testsuite ignored="0" hostname="BINTERNS-QA34L" failures="0" tests="3" name="Surefire test" time="32.191" errors="0" timestamp="2023-05-16T17:58:02 IST">
  <testcase classname="amazon.amazon_Test.Signin" name="Signin1" time="25.259"/>
  <testcase classname="amazon.amazon_Test.Signin" name="deliver" time="2.825"/>
  <testcase classname="amazon.amazon_Test.Signin" name="Orders" time="3.718"/>
</testsuite> <!-- Surefire test -->
