<?xml version="1.0" encoding="UTF-8"?>
<testng-results ignored="0" total="3" passed="3" failed="0" skipped="0">
  <reporter-output>
  </reporter-output>
  <suite started-at="2023-05-16T17:57:30 IST" name="Surefire suite" finished-at="2023-05-16T17:58:02 IST" duration-ms="32191">
    <groups>
    </groups>
    <test started-at="2023-05-16T17:57:30 IST" name="Surefire test" finished-at="2023-05-16T17:58:02 IST" duration-ms="32191">
      <class name="amazon.amazon_Test.Signin">
        <test-method is-config="true" signature="Launch()[pri:0, instance:amazon.amazon_Test.Signin@1f0f1111]" started-at="2023-05-16T17:57:25 IST" name="Launch" finished-at="2023-05-16T17:57:30 IST" duration-ms="4720" status="PASS">
          <reporter-output>
          </reporter-output>
        </test-method> <!-- Launch -->
        <test-method is-config="true" signature="startTest()[pri:0, instance:amazon.amazon_Test.Signin@1f0f1111]" started-at="2023-05-16T17:57:30 IST" name="startTest" finished-at="2023-05-16T17:57:30 IST" duration-ms="114" status="PASS">
          <reporter-output>
          </reporter-output>
        </test-method> <!-- startTest -->
        <test-method signature="Signin1()[pri:1, instance:amazon.amazon_Test.Signin@1f0f1111]" started-at="2023-05-16T17:57:30 IST" name="Signin1" finished-at="2023-05-16T17:57:56 IST" duration-ms="25259" status="PASS">
          <reporter-output>
          </reporter-output>
        </test-method> <!-- Signin1 -->
        <test-method signature="deliver()[pri:2, instance:amazon.amazon_Test.Signin@1f0f1111]" started-at="2023-05-16T17:57:56 IST" name="deliver" finished-at="2023-05-16T17:57:58 IST" duration-ms="2825" status="PASS">
          <reporter-output>
          </reporter-output>
        </test-method> <!-- deliver -->
        <test-method signature="Orders()[pri:3, instance:amazon.amazon_Test.Signin@1f0f1111]" started-at="2023-05-16T17:57:58 IST" name="Orders" finished-at="2023-05-16T17:58:02 IST" depends-on-methods="amazon.amazon_Test.Signin.Signin1" duration-ms="3718" status="PASS">
          <reporter-output>
          </reporter-output>
        </test-method> <!-- Orders -->
        <test-method is-config="true" signature="endTest()[pri:0, instance:amazon.amazon_Test.Signin@1f0f1111]" started-at="2023-05-16T17:58:02 IST" name="endTest" finished-at="2023-05-16T17:58:02 IST" duration-ms="245" status="PASS">
          <reporter-output>
          </reporter-output>
        </test-method> <!-- endTest -->
        <test-method is-config="true" signature="stop()[pri:0, instance:amazon.amazon_Test.Signin@1f0f1111]" started-at="2023-05-16T17:58:02 IST" name="stop" finished-at="2023-05-16T17:58:03 IST" duration-ms="310" status="PASS">
          <reporter-output>
          </reporter-output>
        </test-method> <!-- stop -->
      </class> <!-- amazon.amazon_Test.Signin -->
    </test> <!-- Surefire test -->
  </suite> <!-- Surefire suite -->
</testng-results>
